<?xml version="1.0" encoding="UTF-8"?>
<testsuite xmlns:xsi="http://www.w3.org/2001/XMLSchema-instance" xsi:noNamespaceSchemaLocation="https://maven.apache.org/surefire/maven-surefire-plugin/xsd/surefire-test-report-3.0.xsd" version="3.0" name="TestSuite" time="6.811" tests="4" errors="0" skipped="0" failures="4">
  <properties>
[...]
</properties>
  <testcase name="launchBrowser" classname="classwork.AppSuite" time="5.482">
    <failure message="Could not start a new session. Response code 500. Message: session not created: This version of ChromeDriver only supports Chrome version 95&#10;Current browser version is 97.0.4692.71 with binary path C:\Program Files (x86)\Google\Chrome\Application\chrome.exe&#10;Build info: version: &apos;4.1.1&apos;, revision: &apos;e8fcc2cecf&apos;&#10;System info: host: &apos;LAPTOP-D35LO39P&apos;, ip: &apos;192.168.1.6&apos;, os.name: &apos;Windows 10&apos;, os.arch: &apos;amd64&apos;, os.version: &apos;10.0&apos;, java.version: &apos;1.8.0_311&apos;&#10;Driver info: org.openqa.selenium.chrome.ChromeDriver&#10;Command: [null, newSession {capabilities=[Capabilities {browserName: chrome, goog:chromeOptions: {args: [], extensions: []}}], desiredCapabilities=Capabilities {browserName: chrome, goog:chromeOptions: {args: [], extensions: []}}}]" type="org.openqa.selenium.SessionNotCreatedException"><![CDATA[org.openqa.selenium.SessionNotCreatedException: 
Could not start a new session. Response code 500. Message: session not created: This version of ChromeDriver only supports Chrome version 95
Current browser version is 97.0.4692.71 with binary path C:\Program Files (x86)\Google\Chrome\Application\chrome.exe
Build info: version: '4.1.1', revision: 'e8fcc2cecf'
System info: host: 'LAPTOP-D35LO39P', ip: '192.168.1.6', os.name: 'Windows 10', os.arch: 'amd64', os.version: '10.0', java.version: '1.8.0_311'
Driver info: org.openqa.selenium.chrome.ChromeDriver
Command: [null, newSession {capabilities=[Capabilities {browserName: chrome, goog:chromeOptions: {args: [], extensions: []}}], desiredCapabilities=Capabilities {browserName: chrome, goog:chromeOptions: {args: [], extensions: []}}}]
	at classwork.AppSuite.launchBrowser(AppSuite.java:15)
]]></failure>
    <system-err><![CDATA[SLF4J: Failed to load class "org.slf4j.impl.StaticLoggerBinder".
SLF4J: Defaulting to no-operation (NOP) logger implementation
SLF4J: See http://www.slf4j.org/codes.html#StaticLoggerBinder for further details.
Starting ChromeDriver 95.0.4638.17 (a9d0719444d4b035e284ed1fce73bf6ccd789df2-refs/branch-heads/4638@{#178}) on port 64265
Only local connections are allowed.
Please see https://chromedriver.chromium.org/security-considerations for suggestions on keeping ChromeDriver safe.
ChromeDriver was started successfully.
]]></system-err>
  </testcase>
  <testcase name="searchDress" classname="classwork.AppSuite" time="0">
    <failure type="java.lang.NullPointerException"><![CDATA[java.lang.NullPointerException
	at classwork.AppSuite.searchDress(AppSuite.java:34)
]]></failure>
  </testcase>
  <testcase name="navigateHome" classname="classwork.AppSuite" time="0.001">
    <failure type="java.lang.NullPointerException"><![CDATA[java.lang.NullPointerException
	at classwork.AppSuite.navigateHome(AppSuite.java:28)
]]></failure>
  </testcase>
  <testcase name="quitBrowser" classname="classwork.AppSuite" time="0.001">
    <failure type="java.lang.NullPointerException"><![CDATA[java.lang.NullPointerException
	at classwork.AppSuite.quitBrowser(AppSuite.java:41)
]]></failure>
  </testcase>
</testsuite>